Analysis & Synthesis report for ModelMachine
Thu May 19 20:57:05 2022
Quartus II Version 9.0 Build 235 06/17/2009 Service Pack 2 SJ Web Edition


---------------------
; Table of Contents ;
---------------------
  1. Legal Notice
  2. Analysis & Synthesis Summary
  3. Analysis & Synthesis Settings
  4. Analysis & Synthesis Source Files Read
  5. Analysis & Synthesis Resource Usage Summary
  6. Analysis & Synthesis Resource Utilization by Entity
  7. General Register Statistics
  8. Analysis & Synthesis Messages



----------------
; Legal Notice ;
----------------
Copyright (C) 1991-2009 Altera Corporation
Your use of Altera Corporation's design tools, logic functions 
and other software and tools, and its AMPP partner logic 
functions, and any output files from any of the foregoing 
(including device programming or simulation files), and any 
associated documentation or information are expressly subject 
to the terms and conditions of the Altera Program License 
Subscription Agreement, Altera MegaCore Function License 
Agreement, or other applicable license agreement, including, 
without limitation, that your use is for the sole purpose of 
programming logic devices manufactured by Altera and sold by 
Altera or its authorized distributors.  Please refer to the 
applicable agreement for further details.



+-----------------------------------------------------------------------------------+
; Analysis & Synthesis Summary                                                      ;
+------------------------------------+----------------------------------------------+
; Analysis & Synthesis Status        ; Successful - Thu May 19 20:57:05 2022        ;
; Quartus II Version                 ; 9.0 Build 235 06/17/2009 SP 2 SJ Web Edition ;
; Revision Name                      ; ModelMachine                                 ;
; Top-level Entity Name              ; ModelMachine                                 ;
; Family                             ; Cyclone II                                   ;
; Total logic elements               ; 196                                          ;
;     Total combinational functions  ; 148                                          ;
;     Dedicated logic registers      ; 84                                           ;
; Total registers                    ; 84                                           ;
; Total pins                         ; 76                                           ;
; Total virtual pins                 ; 0                                            ;
; Total memory bits                  ; 0                                            ;
; Embedded Multiplier 9-bit elements ; 0                                            ;
; Total PLLs                         ; 0                                            ;
+------------------------------------+----------------------------------------------+


+--------------------------------------------------------------------------------------------------------+
; Analysis & Synthesis Settings                                                                          ;
+--------------------------------------------------------------+--------------------+--------------------+
; Option                                                       ; Setting            ; Default Value      ;
+--------------------------------------------------------------+--------------------+--------------------+
; Device                                                       ; EP2C8Q208C8        ;                    ;
; Top-level entity name                                        ; ModelMachine       ; ModelMachine       ;
; Family name                                                  ; Cyclone II         ; Stratix II         ;
; Use Generated Physical Constraints File                      ; Off                ;                    ;
; Use smart compilation                                        ; Off                ; Off                ;
; Restructure Multiplexers                                     ; Auto               ; Auto               ;
; Create Debugging Nodes for IP Cores                          ; Off                ; Off                ;
; Preserve fewer node names                                    ; On                 ; On                 ;
; Disable OpenCore Plus hardware evaluation                    ; Off                ; Off                ;
; Verilog Version                                              ; Verilog_2001       ; Verilog_2001       ;
; VHDL Version                                                 ; VHDL93             ; VHDL93             ;
; State Machine Processing                                     ; Auto               ; Auto               ;
; Safe State Machine                                           ; Off                ; Off                ;
; Extract Verilog State Machines                               ; On                 ; On                 ;
; Extract VHDL State Machines                                  ; On                 ; On                 ;
; Ignore Verilog initial constructs                            ; Off                ; Off                ;
; Iteration limit for constant Verilog loops                   ; 5000               ; 5000               ;
; Iteration limit for non-constant Verilog loops               ; 250                ; 250                ;
; Add Pass-Through Logic to Inferred RAMs                      ; On                 ; On                 ;
; Parallel Synthesis                                           ; Off                ; Off                ;
; DSP Block Balancing                                          ; Auto               ; Auto               ;
; NOT Gate Push-Back                                           ; On                 ; On                 ;
; Power-Up Don't Care                                          ; On                 ; On                 ;
; Remove Redundant Logic Cells                                 ; Off                ; Off                ;
; Remove Duplicate Registers                                   ; On                 ; On                 ;
; Ignore CARRY Buffers                                         ; Off                ; Off                ;
; Ignore CASCADE Buffers                                       ; Off                ; Off                ;
; Ignore GLOBAL Buffers                                        ; Off                ; Off                ;
; Ignore ROW GLOBAL Buffers                                    ; Off                ; Off                ;
; Ignore LCELL Buffers                                         ; Off                ; Off                ;
; Ignore SOFT Buffers                                          ; On                 ; On                 ;
; Limit AHDL Integers to 32 Bits                               ; Off                ; Off                ;
; Optimization Technique                                       ; Balanced           ; Balanced           ;
; Carry Chain Length                                           ; 70                 ; 70                 ;
; Auto Carry Chains                                            ; On                 ; On                 ;
; Auto Open-Drain Pins                                         ; On                 ; On                 ;
; Perform WYSIWYG Primitive Resynthesis                        ; Off                ; Off                ;
; Auto ROM Replacement                                         ; On                 ; On                 ;
; Auto RAM Replacement                                         ; On                 ; On                 ;
; Auto Shift Register Replacement                              ; Auto               ; Auto               ;
; Auto Clock Enable Replacement                                ; On                 ; On                 ;
; Strict RAM Replacement                                       ; Off                ; Off                ;
; Allow Synchronous Control Signals                            ; On                 ; On                 ;
; Force Use of Synchronous Clear Signals                       ; Off                ; Off                ;
; Auto RAM to Logic Cell Conversion                            ; Off                ; Off                ;
; Auto Resource Sharing                                        ; Off                ; Off                ;
; Allow Any RAM Size For Recognition                           ; Off                ; Off                ;
; Allow Any ROM Size For Recognition                           ; Off                ; Off                ;
; Allow Any Shift Register Size For Recognition                ; Off                ; Off                ;
; Use LogicLock Constraints during Resource Balancing          ; On                 ; On                 ;
; Ignore translate_off and synthesis_off directives            ; Off                ; Off                ;
; Timing-Driven Synthesis                                      ; Off                ; Off                ;
; Show Parameter Settings Tables in Synthesis Report           ; On                 ; On                 ;
; Ignore Maximum Fan-Out Assignments                           ; Off                ; Off                ;
; Synchronization Register Chain Length                        ; 2                  ; 2                  ;
; PowerPlay Power Optimization                                 ; Normal compilation ; Normal compilation ;
; HDL message level                                            ; Level2             ; Level2             ;
; Suppress Register Optimization Related Messages              ; Off                ; Off                ;
; Number of Removed Registers Reported in Synthesis Report     ; 100                ; 100                ;
; Number of Inverted Registers Reported in Synthesis Report    ; 100                ; 100                ;
; Clock MUX Protection                                         ; On                 ; On                 ;
; Auto Gated Clock Conversion                                  ; Off                ; Off                ;
; Block Design Naming                                          ; Auto               ; Auto               ;
; SDC constraint protection                                    ; Off                ; Off                ;
; Synthesis Effort                                             ; Auto               ; Auto               ;
; Shift Register Replacement - Allow Asynchronous Clear Signal ; On                 ; On                 ;
; Analysis & Synthesis Message Level                           ; Medium             ; Medium             ;
+--------------------------------------------------------------+--------------------+--------------------+


+----------------------------------------------------------------------------------------------------------------------------------------------------------------+
; Analysis & Synthesis Source Files Read                                                                                                                         ;
+----------------------------------+-----------------+------------------------------------------+----------------------------------------------------------------+
; File Name with User-Entered Path ; Used in Netlist ; File Type                                ; File Name with Absolute Path                                   ;
+----------------------------------+-----------------+------------------------------------------+----------------------------------------------------------------+
; ModelMachine.bdf                 ; yes             ; User Block Diagram/Schematic File        ; C:/Users/13089/Desktop/计组/ModelMachine/ModelMachine.bdf      ;
; Rigister8bitE.bdf                ; yes             ; Auto-Found Block Diagram/Schematic File  ; C:/Users/13089/Desktop/计组/ModelMachine/Rigister8bitE.bdf     ;
; My_38.bdf                        ; yes             ; Auto-Found Block Diagram/Schematic File  ; C:/Users/13089/Desktop/计组/ModelMachine/My_38.bdf             ;
; 8YIWEIJICUNQI.bdf                ; yes             ; Auto-Found Block Diagram/Schematic File  ; C:/Users/13089/Desktop/计组/ModelMachine/8YIWEIJICUNQI.bdf     ;
; 4yiweijicunqi.bdf                ; yes             ; Auto-Found Block Diagram/Schematic File  ; C:/Users/13089/Desktop/计组/ModelMachine/4yiweijicunqi.bdf     ;
; Add_8.bdf                        ; yes             ; Auto-Found Block Diagram/Schematic File  ; C:/Users/13089/Desktop/计组/ModelMachine/Add_8.bdf             ;
; My_Full_Adder.bdf                ; yes             ; Auto-Found Block Diagram/Schematic File  ; C:/Users/13089/Desktop/计组/ModelMachine/My_Full_Adder.bdf     ;
; DataChooser8bit21.bdf            ; yes             ; Auto-Found Block Diagram/Schematic File  ; C:/Users/13089/Desktop/计组/ModelMachine/DataChooser8bit21.bdf ;
; MDR.bdf                          ; yes             ; Auto-Found Block Diagram/Schematic File  ; C:/Users/13089/Desktop/计组/ModelMachine/MDR.bdf               ;
; Rigister8bit05.bdf               ; yes             ; Auto-Found Block Diagram/Schematic File  ; C:/Users/13089/Desktop/计组/ModelMachine/Rigister8bit05.bdf    ;
; RigisterGroup.bdf                ; yes             ; Auto-Found Block Diagram/Schematic File  ; C:/Users/13089/Desktop/计组/ModelMachine/RigisterGroup.bdf     ;
; My_24.bdf                        ; yes             ; Auto-Found Block Diagram/Schematic File  ; C:/Users/13089/Desktop/计组/ModelMachine/My_24.bdf             ;
; Counter8bit.bdf                  ; yes             ; Auto-Found Block Diagram/Schematic File  ; C:/Users/13089/Desktop/计组/ModelMachine/Counter8bit.bdf       ;
; Counter2bit.bdf                  ; yes             ; Auto-Found Block Diagram/Schematic File  ; C:/Users/13089/Desktop/计组/ModelMachine/Counter2bit.bdf       ;
; DataChooser21.bdf                ; yes             ; Auto-Found Block Diagram/Schematic File  ; C:/Users/13089/Desktop/计组/ModelMachine/DataChooser21.bdf     ;
; My_12.bdf                        ; yes             ; Auto-Found Block Diagram/Schematic File  ; C:/Users/13089/Desktop/计组/ModelMachine/My_12.bdf             ;
; DataChooser8bit31.bdf            ; yes             ; Auto-Found Block Diagram/Schematic File  ; C:/Users/13089/Desktop/计组/ModelMachine/DataChooser8bit31.bdf ;
; PSWV.bdf                         ; yes             ; Auto-Found Block Diagram/Schematic File  ; C:/Users/13089/Desktop/计组/ModelMachine/PSWV.bdf              ;
+----------------------------------+-----------------+------------------------------------------+----------------------------------------------------------------+


+-----------------------------------------------------+
; Analysis & Synthesis Resource Usage Summary         ;
+---------------------------------------------+-------+
; Resource                                    ; Usage ;
+---------------------------------------------+-------+
; Estimated Total logic elements              ; 196   ;
;                                             ;       ;
; Total combinational functions               ; 148   ;
; Logic element usage by number of LUT inputs ;       ;
;     -- 4 input functions                    ; 100   ;
;     -- 3 input functions                    ; 28    ;
;     -- <=2 input functions                  ; 20    ;
;                                             ;       ;
; Logic elements by mode                      ;       ;
;     -- normal mode                          ; 148   ;
;     -- arithmetic mode                      ; 0     ;
;                                             ;       ;
; Total registers                             ; 84    ;
;     -- Dedicated logic registers            ; 84    ;
;     -- I/O registers                        ; 0     ;
;                                             ;       ;
; I/O pins                                    ; 76    ;
; Maximum fan-out node                        ; CLR   ;
; Maximum fan-out                             ; 84    ;
; Total fan-out                               ; 850   ;
; Average fan-out                             ; 2.76  ;
+---------------------------------------------+-------+


+------------------------------------------------------------------------------------------------------------------------------------------------------------------------------------------------------------------------------------+
; Analysis & Synthesis Resource Utilization by Entity                                                                                                                                                                                ;
+---------------------------------+-------------------+--------------+-------------+--------------+---------+-----------+------+--------------+-----------------------------------------------------------------------+--------------+
; Compilation Hierarchy Node      ; LC Combinationals ; LC Registers ; Memory Bits ; DSP Elements ; DSP 9x9 ; DSP 18x18 ; Pins ; Virtual Pins ; Full Hierarchy Name                                                   ; Library Name ;
+---------------------------------+-------------------+--------------+-------------+--------------+---------+-----------+------+--------------+-----------------------------------------------------------------------+--------------+
; |ModelMachine                   ; 148 (12)          ; 84 (0)       ; 0           ; 0            ; 0       ; 0         ; 76   ; 0            ; |ModelMachine                                                         ; work         ;
;    |8YIWEIJICUNQI:TempRegister| ; 9 (0)             ; 8 (0)        ; 0           ; 0            ; 0       ; 0         ; 0    ; 0            ; |ModelMachine|8YIWEIJICUNQI:TempRegister                              ; work         ;
;       |4yiweijicunqi:inst1|     ; 4 (4)             ; 4 (4)        ; 0           ; 0            ; 0       ; 0         ; 0    ; 0            ; |ModelMachine|8YIWEIJICUNQI:TempRegister|4yiweijicunqi:inst1          ; work         ;
;       |4yiweijicunqi:inst|      ; 5 (5)             ; 4 (4)        ; 0           ; 0            ; 0       ; 0         ; 0    ; 0            ; |ModelMachine|8YIWEIJICUNQI:TempRegister|4yiweijicunqi:inst           ; work         ;
;    |Add_8:ALU|                  ; 16 (0)            ; 0 (0)        ; 0           ; 0            ; 0       ; 0         ; 0    ; 0            ; |ModelMachine|Add_8:ALU                                               ; work         ;
;       |My_Full_Adder:inst13|    ; 2 (2)             ; 0 (0)        ; 0           ; 0            ; 0       ; 0         ; 0    ; 0            ; |ModelMachine|Add_8:ALU|My_Full_Adder:inst13                          ; work         ;
;       |My_Full_Adder:inst1|     ; 2 (2)             ; 0 (0)        ; 0           ; 0            ; 0       ; 0         ; 0    ; 0            ; |ModelMachine|Add_8:ALU|My_Full_Adder:inst1                           ; work         ;
;       |My_Full_Adder:inst2|     ; 2 (2)             ; 0 (0)        ; 0           ; 0            ; 0       ; 0         ; 0    ; 0            ; |ModelMachine|Add_8:ALU|My_Full_Adder:inst2                           ; work         ;
;       |My_Full_Adder:inst3|     ; 2 (2)             ; 0 (0)        ; 0           ; 0            ; 0       ; 0         ; 0    ; 0            ; |ModelMachine|Add_8:ALU|My_Full_Adder:inst3                           ; work         ;
;       |My_Full_Adder:inst4|     ; 2 (2)             ; 0 (0)        ; 0           ; 0            ; 0       ; 0         ; 0    ; 0            ; |ModelMachine|Add_8:ALU|My_Full_Adder:inst4                           ; work         ;
;       |My_Full_Adder:inst6|     ; 2 (2)             ; 0 (0)        ; 0           ; 0            ; 0       ; 0         ; 0    ; 0            ; |ModelMachine|Add_8:ALU|My_Full_Adder:inst6                           ; work         ;
;       |My_Full_Adder:inst9|     ; 2 (2)             ; 0 (0)        ; 0           ; 0            ; 0       ; 0         ; 0    ; 0            ; |ModelMachine|Add_8:ALU|My_Full_Adder:inst9                           ; work         ;
;       |My_Full_Adder:inst|      ; 2 (2)             ; 0 (0)        ; 0           ; 0            ; 0       ; 0         ; 0    ; 0            ; |ModelMachine|Add_8:ALU|My_Full_Adder:inst                            ; work         ;
;    |Counter8bit:MiuPC|          ; 19 (2)            ; 8 (0)        ; 0           ; 0            ; 0       ; 0         ; 0    ; 0            ; |ModelMachine|Counter8bit:MiuPC                                       ; work         ;
;       |Counter2bit:inst1|       ; 6 (0)             ; 2 (2)        ; 0           ; 0            ; 0       ; 0         ; 0    ; 0            ; |ModelMachine|Counter8bit:MiuPC|Counter2bit:inst1                     ; work         ;
;          |DataChooser21:inst1|  ; 2 (2)             ; 0 (0)        ; 0           ; 0            ; 0       ; 0         ; 0    ; 0            ; |ModelMachine|Counter8bit:MiuPC|Counter2bit:inst1|DataChooser21:inst1 ; work         ;
;          |DataChooser21:inst|   ; 4 (4)             ; 0 (0)        ; 0           ; 0            ; 0       ; 0         ; 0    ; 0            ; |ModelMachine|Counter8bit:MiuPC|Counter2bit:inst1|DataChooser21:inst  ; work         ;
;       |Counter2bit:inst2|       ; 2 (0)             ; 2 (2)        ; 0           ; 0            ; 0       ; 0         ; 0    ; 0            ; |ModelMachine|Counter8bit:MiuPC|Counter2bit:inst2                     ; work         ;
;          |DataChooser21:inst1|  ; 1 (1)             ; 0 (0)        ; 0           ; 0            ; 0       ; 0         ; 0    ; 0            ; |ModelMachine|Counter8bit:MiuPC|Counter2bit:inst2|DataChooser21:inst1 ; work         ;
;          |DataChooser21:inst|   ; 1 (1)             ; 0 (0)        ; 0           ; 0            ; 0       ; 0         ; 0    ; 0            ; |ModelMachine|Counter8bit:MiuPC|Counter2bit:inst2|DataChooser21:inst  ; work         ;
;       |Counter2bit:inst3|       ; 5 (2)             ; 2 (2)        ; 0           ; 0            ; 0       ; 0         ; 0    ; 0            ; |ModelMachine|Counter8bit:MiuPC|Counter2bit:inst3                     ; work         ;
;          |DataChooser21:inst1|  ; 1 (1)             ; 0 (0)        ; 0           ; 0            ; 0       ; 0         ; 0    ; 0            ; |ModelMachine|Counter8bit:MiuPC|Counter2bit:inst3|DataChooser21:inst1 ; work         ;
;          |DataChooser21:inst|   ; 2 (2)             ; 0 (0)        ; 0           ; 0            ; 0       ; 0         ; 0    ; 0            ; |ModelMachine|Counter8bit:MiuPC|Counter2bit:inst3|DataChooser21:inst  ; work         ;
;       |Counter2bit:inst|        ; 4 (0)             ; 2 (2)        ; 0           ; 0            ; 0       ; 0         ; 0    ; 0            ; |ModelMachine|Counter8bit:MiuPC|Counter2bit:inst                      ; work         ;
;          |DataChooser21:inst1|  ; 2 (2)             ; 0 (0)        ; 0           ; 0            ; 0       ; 0         ; 0    ; 0            ; |ModelMachine|Counter8bit:MiuPC|Counter2bit:inst|DataChooser21:inst1  ; work         ;
;          |DataChooser21:inst|   ; 2 (2)             ; 0 (0)        ; 0           ; 0            ; 0       ; 0         ; 0    ; 0            ; |ModelMachine|Counter8bit:MiuPC|Counter2bit:inst|DataChooser21:inst   ; work         ;
;    |Counter8bit:PC|             ; 14 (2)            ; 8 (0)        ; 0           ; 0            ; 0       ; 0         ; 0    ; 0            ; |ModelMachine|Counter8bit:PC                                          ; work         ;
;       |Counter2bit:inst1|       ; 3 (2)             ; 2 (2)        ; 0           ; 0            ; 0       ; 0         ; 0    ; 0            ; |ModelMachine|Counter8bit:PC|Counter2bit:inst1                        ; work         ;
;          |DataChooser21:inst1|  ; 1 (1)             ; 0 (0)        ; 0           ; 0            ; 0       ; 0         ; 0    ; 0            ; |ModelMachine|Counter8bit:PC|Counter2bit:inst1|DataChooser21:inst1    ; work         ;
;       |Counter2bit:inst2|       ; 3 (2)             ; 2 (2)        ; 0           ; 0            ; 0       ; 0         ; 0    ; 0            ; |ModelMachine|Counter8bit:PC|Counter2bit:inst2                        ; work         ;
;          |DataChooser21:inst1|  ; 1 (1)             ; 0 (0)        ; 0           ; 0            ; 0       ; 0         ; 0    ; 0            ; |ModelMachine|Counter8bit:PC|Counter2bit:inst2|DataChooser21:inst1    ; work         ;
;       |Counter2bit:inst3|       ; 3 (1)             ; 2 (2)        ; 0           ; 0            ; 0       ; 0         ; 0    ; 0            ; |ModelMachine|Counter8bit:PC|Counter2bit:inst3                        ; work         ;
;          |DataChooser21:inst1|  ; 1 (1)             ; 0 (0)        ; 0           ; 0            ; 0       ; 0         ; 0    ; 0            ; |ModelMachine|Counter8bit:PC|Counter2bit:inst3|DataChooser21:inst1    ; work         ;
;          |DataChooser21:inst|   ; 1 (1)             ; 0 (0)        ; 0           ; 0            ; 0       ; 0         ; 0    ; 0            ; |ModelMachine|Counter8bit:PC|Counter2bit:inst3|DataChooser21:inst     ; work         ;
;       |Counter2bit:inst|        ; 3 (2)             ; 2 (2)        ; 0           ; 0            ; 0       ; 0         ; 0    ; 0            ; |ModelMachine|Counter8bit:PC|Counter2bit:inst                         ; work         ;
;          |DataChooser21:inst1|  ; 1 (1)             ; 0 (0)        ; 0           ; 0            ; 0       ; 0         ; 0    ; 0            ; |ModelMachine|Counter8bit:PC|Counter2bit:inst|DataChooser21:inst1     ; work         ;
;    |DataChooser8bit21:A|        ; 34 (34)           ; 0 (0)        ; 0           ; 0            ; 0       ; 0         ; 0    ; 0            ; |ModelMachine|DataChooser8bit21:A                                     ; work         ;
;    |DataChooser8bit21:B|        ; 29 (29)           ; 0 (0)        ; 0           ; 0            ; 0       ; 0         ; 0    ; 0            ; |ModelMachine|DataChooser8bit21:B                                     ; work         ;
;    |MDR:inst|                   ; 8 (0)             ; 8 (0)        ; 0           ; 0            ; 0       ; 0         ; 0    ; 0            ; |ModelMachine|MDR:inst                                                ; work         ;
;       |DataChooser8bit21:inst|  ; 8 (8)             ; 0 (0)        ; 0           ; 0            ; 0       ; 0         ; 0    ; 0            ; |ModelMachine|MDR:inst|DataChooser8bit21:inst                         ; work         ;
;       |Rigister8bit05:inst1|    ; 0 (0)             ; 8 (8)        ; 0           ; 0            ; 0       ; 0         ; 0    ; 0            ; |ModelMachine|MDR:inst|Rigister8bit05:inst1                           ; work         ;
;    |My_38:inst10|               ; 1 (1)             ; 0 (0)        ; 0           ; 0            ; 0       ; 0         ; 0    ; 0            ; |ModelMachine|My_38:inst10                                            ; work         ;
;    |My_38:inst13|               ; 1 (1)             ; 0 (0)        ; 0           ; 0            ; 0       ; 0         ; 0    ; 0            ; |ModelMachine|My_38:inst13                                            ; work         ;
;    |PSWV:inst4|                 ; 1 (1)             ; 0 (0)        ; 0           ; 0            ; 0       ; 0         ; 0    ; 0            ; |ModelMachine|PSWV:inst4                                              ; work         ;
;    |Rigister8bit05:IR|          ; 0 (0)             ; 8 (8)        ; 0           ; 0            ; 0       ; 0         ; 0    ; 0            ; |ModelMachine|Rigister8bit05:IR                                       ; work         ;
;    |Rigister8bit05:PSW|         ; 0 (0)             ; 4 (4)        ; 0           ; 0            ; 0       ; 0         ; 0    ; 0            ; |ModelMachine|Rigister8bit05:PSW                                      ; work         ;
;    |Rigister8bitE:MAR|          ; 0 (0)             ; 8 (8)        ; 0           ; 0            ; 0       ; 0         ; 0    ; 0            ; |ModelMachine|Rigister8bitE:MAR                                       ; work         ;
;    |RigisterGroup:inst3|        ; 4 (4)             ; 32 (0)       ; 0           ; 0            ; 0       ; 0         ; 0    ; 0            ; |ModelMachine|RigisterGroup:inst3                                     ; work         ;
;       |Rigister8bit05:R0|       ; 0 (0)             ; 8 (8)        ; 0           ; 0            ; 0       ; 0         ; 0    ; 0            ; |ModelMachine|RigisterGroup:inst3|Rigister8bit05:R0                   ; work         ;
;       |Rigister8bit05:R1|       ; 0 (0)             ; 8 (8)        ; 0           ; 0            ; 0       ; 0         ; 0    ; 0            ; |ModelMachine|RigisterGroup:inst3|Rigister8bit05:R1                   ; work         ;
;       |Rigister8bit05:R2|       ; 0 (0)             ; 8 (8)        ; 0           ; 0            ; 0       ; 0         ; 0    ; 0            ; |ModelMachine|RigisterGroup:inst3|Rigister8bit05:R2                   ; work         ;
;       |Rigister8bit05:R3|       ; 0 (0)             ; 8 (8)        ; 0           ; 0            ; 0       ; 0         ; 0    ; 0            ; |ModelMachine|RigisterGroup:inst3|Rigister8bit05:R3                   ; work         ;
+---------------------------------+-------------------+--------------+-------------+--------------+---------+-----------+------+--------------+-----------------------------------------------------------------------+--------------+
Note: For table entries with two numbers listed, the numbers in parentheses indicate the number of resources of the given type used by the specific entity alone. The numbers listed outside of parentheses indicate the total resources of the given type used by the specific entity and all of its sub-entities in the hierarchy.


+------------------------------------------------------+
; General Register Statistics                          ;
+----------------------------------------------+-------+
; Statistic                                    ; Value ;
+----------------------------------------------+-------+
; Total registers                              ; 84    ;
; Number of registers using Synchronous Clear  ; 0     ;
; Number of registers using Synchronous Load   ; 3     ;
; Number of registers using Asynchronous Clear ; 84    ;
; Number of registers using Asynchronous Load  ; 0     ;
; Number of registers using Clock Enable       ; 0     ;
; Number of registers using Preset             ; 0     ;
+----------------------------------------------+-------+


+-------------------------------+
; Analysis & Synthesis Messages ;
+-------------------------------+
Info: *******************************************************************
Info: Running Quartus II Analysis & Synthesis
    Info: Version 9.0 Build 235 06/17/2009 Service Pack 2 SJ Web Edition
    Info: Processing started: Thu May 19 20:57:04 2022
Info: Command: quartus_map --read_settings_files=on --write_settings_files=off ModelMachine -c ModelMachine
Info: Found 1 design units, including 1 entities, in source file ModelMachine.bdf
    Info: Found entity 1: ModelMachine
Info: Elaborating entity "ModelMachine" for the top level hierarchy
Warning: Using design file Rigister8bitE.bdf, which is not specified as a design file for the current project, but contains definitions for 1 design units and 1 entities in project
    Info: Found entity 1: Rigister8bitE
Info: Elaborating entity "Rigister8bitE" for hierarchy "Rigister8bitE:MAR"
Warning: Using design file My_38.bdf, which is not specified as a design file for the current project, but contains definitions for 1 design units and 1 entities in project
    Info: Found entity 1: My_38
Info: Elaborating entity "My_38" for hierarchy "My_38:inst10"
Warning: Using design file 8YIWEIJICUNQI.bdf, which is not specified as a design file for the current project, but contains definitions for 1 design units and 1 entities in project
    Info: Found entity 1: 8YIWEIJICUNQI
Info: Elaborating entity "8YIWEIJICUNQI" for hierarchy "8YIWEIJICUNQI:TempRegister"
Warning: Using design file 4yiweijicunqi.bdf, which is not specified as a design file for the current project, but contains definitions for 1 design units and 1 entities in project
    Info: Found entity 1: 4yiweijicunqi
Info: Elaborating entity "4yiweijicunqi" for hierarchy "8YIWEIJICUNQI:TempRegister|4yiweijicunqi:inst"
Warning: Using design file Add_8.bdf, which is not specified as a design file for the current project, but contains definitions for 1 design units and 1 entities in project
    Info: Found entity 1: Add_8
Info: Elaborating entity "Add_8" for hierarchy "Add_8:ALU"
Warning: Using design file My_Full_Adder.bdf, which is not specified as a design file for the current project, but contains definitions for 1 design units and 1 entities in project
    Info: Found entity 1: My_Full_Adder
Info: Elaborating entity "My_Full_Adder" for hierarchy "Add_8:ALU|My_Full_Adder:inst"
Warning: Using design file DataChooser8bit21.bdf, which is not specified as a design file for the current project, but contains definitions for 1 design units and 1 entities in project
    Info: Found entity 1: DataChooser8bit21
Info: Elaborating entity "DataChooser8bit21" for hierarchy "DataChooser8bit21:A"
Warning: Using design file MDR.bdf, which is not specified as a design file for the current project, but contains definitions for 1 design units and 1 entities in project
    Info: Found entity 1: MDR
Info: Elaborating entity "MDR" for hierarchy "MDR:inst"
Warning: Using design file Rigister8bit05.bdf, which is not specified as a design file for the current project, but contains definitions for 1 design units and 1 entities in project
    Info: Found entity 1: Rigister8bit05
Info: Elaborating entity "Rigister8bit05" for hierarchy "MDR:inst|Rigister8bit05:inst1"
Warning: Using design file RigisterGroup.bdf, which is not specified as a design file for the current project, but contains definitions for 1 design units and 1 entities in project
    Info: Found entity 1: RigisterGroup
Info: Elaborating entity "RigisterGroup" for hierarchy "RigisterGroup:inst3"
Warning: Using design file My_24.bdf, which is not specified as a design file for the current project, but contains definitions for 1 design units and 1 entities in project
    Info: Found entity 1: My_24
Info: Elaborating entity "My_24" for hierarchy "My_24:GroupA"
Warning: Using design file Counter8bit.bdf, which is not specified as a design file for the current project, but contains definitions for 1 design units and 1 entities in project
    Info: Found entity 1: Counter8bit
Info: Elaborating entity "Counter8bit" for hierarchy "Counter8bit:PC"
Warning: Using design file Counter2bit.bdf, which is not specified as a design file for the current project, but contains definitions for 1 design units and 1 entities in project
    Info: Found entity 1: Counter2bit
Info: Elaborating entity "Counter2bit" for hierarchy "Counter8bit:PC|Counter2bit:inst3"
Warning: Using design file DataChooser21.bdf, which is not specified as a design file for the current project, but contains definitions for 1 design units and 1 entities in project
    Info: Found entity 1: DataChooser21
Info: Elaborating entity "DataChooser21" for hierarchy "Counter8bit:PC|Counter2bit:inst3|DataChooser21:inst"
Warning: Using design file My_12.bdf, which is not specified as a design file for the current project, but contains definitions for 1 design units and 1 entities in project
    Info: Found entity 1: My_12
Info: Elaborating entity "My_12" for hierarchy "My_12:inst11"
Warning: Using design file DataChooser8bit31.bdf, which is not specified as a design file for the current project, but contains definitions for 1 design units and 1 entities in project
    Info: Found entity 1: DataChooser8bit31
Info: Elaborating entity "DataChooser8bit31" for hierarchy "DataChooser8bit31:inst14"
Warning: Using design file PSWV.bdf, which is not specified as a design file for the current project, but contains definitions for 1 design units and 1 entities in project
    Info: Found entity 1: PSWV
Info: Elaborating entity "PSWV" for hierarchy "PSWV:inst4"
Warning: Tri-state node(s) do not directly drive top-level pin(s)
    Warning: Converted tri-state buffer "MDR:inst|inst5" feeding internal logic into a wire
    Warning: Converted tri-state buffer "MDR:inst|inst4" feeding internal logic into a wire
    Warning: Converted tri-state buffer "MDR:inst|inst2" feeding internal logic into a wire
    Warning: Converted tri-state buffer "MDR:inst|inst3" feeding internal logic into a wire
    Warning: Converted tri-state buffer "MDR:inst|inst9" feeding internal logic into a wire
    Warning: Converted tri-state buffer "MDR:inst|inst8" feeding internal logic into a wire
    Warning: Converted tri-state buffer "MDR:inst|inst6" feeding internal logic into a wire
    Warning: Converted tri-state buffer "MDR:inst|inst7" feeding internal logic into a wire
Warning: The following bidir pins have no drivers
    Warning: Bidir "UIR17" has no driver
Warning: Design contains 1 input pin(s) that do not drive logic
    Warning (15610): No output dependent on input pin "UIR20"
Info: Implemented 273 device resources after synthesis - the final resource count might be different
    Info: Implemented 23 input pins
    Info: Implemented 44 output pins
    Info: Implemented 9 bidirectional pins
    Info: Implemented 197 logic cells
Info: Quartus II Analysis & Synthesis was successful. 0 errors, 30 warnings
    Info: Peak virtual memory: 234 megabytes
    Info: Processing ended: Thu May 19 20:57:05 2022
    Info: Elapsed time: 00:00:01
    Info: Total CPU time (on all processors): 00:00:01


